<?xml version="1.0" encoding="UTF-8"?>
<Site BuildName="(empty)"
	BuildStamp="20231230-0624-Experimental"
	Name="rvc"
	Generator="ctest-3.26.4"
	CompilerName="/usr/bin/g++"
	CompilerVersion="9.4.0"
	OSName="Linux"
	Hostname="rvc"
	OSRelease="5.15.0-91-generic"
	OSVersion="#101~20.04.1-Ubuntu SMP Thu Nov 16 14:22:28 UTC 2023"
	OSPlatform="x86_64"
	Is64Bits="1"
	VendorString="GenuineIntel"
	VendorID="Intel Corporation"
	FamilyID="6"
	ModelID="183"
	ProcessorCacheSize="36864"
	NumberOfLogicalCPU="32"
	NumberOfPhysicalCPU="24"
	TotalVirtualMemory="4095"
	TotalPhysicalMemory="64003"
	LogicalProcessorsPerPhysical="1"
	ProcessorClockFrequency="1846.13"
	>
	<Testing>
		<StartDateTime>Dec 30 18:35 CST</StartDateTime>
		<StartTestTime>1703932525</StartTestTime>
		<TestList/>
		<EndDateTime>Dec 30 18:35 CST</EndDateTime>
		<EndTestTime>1703932525</EndTestTime>
		<ElapsedMinutes>0</ElapsedMinutes>
	</Testing>
</Site>
