<?xml version="1.0" encoding="UTF-8"?>
<Site BuildName="(empty)"
	BuildStamp="20241202-1159-Experimental"
	Name="rvc"
	Generator="ctest-3.26.4"
	CompilerName="/usr/bin/c++"
	CompilerVersion="9.4.0"
	OSName="Linux"
	Hostname="rvc"
	OSRelease="5.15.0-125-generic"
	OSVersion="#135~20.04.1-Ubuntu SMP Mon Oct 7 13:56:22 UTC 2024"
	OSPlatform="x86_64"
	Is64Bits="1"
	VendorString="GenuineIntel"
	VendorID="Intel Corporation"
	FamilyID="6"
	ModelID="183"
	ProcessorCacheSize="36864"
	NumberOfLogicalCPU="32"
	NumberOfPhysicalCPU="24"
	TotalVirtualMemory="4095"
	TotalPhysicalMemory="128514"
	LogicalProcessorsPerPhysical="1"
	ProcessorClockFrequency="5499.79"
	>
	<Testing>
		<StartDateTime>Dec 02 19:59 CST</StartDateTime>
		<StartTestTime>1733140751</StartTestTime>
		<TestList/>
		<EndDateTime>Dec 02 19:59 CST</EndDateTime>
		<EndTestTime>1733140751</EndTestTime>
		<ElapsedMinutes>0</ElapsedMinutes>
	</Testing>
</Site>
