<?xml version="1.0" encoding="UTF-8"?>
<Site BuildName="(empty)"
	BuildStamp="20250118-0620-Experimental"
	Name="rvc"
	Generator="ctest-3.26.4"
	CompilerName="/usr/bin/c++"
	CompilerVersion="9.4.0"
	OSName="Linux"
	Hostname="rvc"
	OSRelease="5.15.0-130-generic"
	OSVersion="#140~20.04.1-Ubuntu SMP Wed Dec 18 21:35:34 UTC 2024"
	OSPlatform="x86_64"
	Is64Bits="1"
	VendorString="GenuineIntel"
	VendorID="Intel Corporation"
	FamilyID="6"
	ModelID="183"
	ProcessorCacheSize="36864"
	NumberOfLogicalCPU="32"
	NumberOfPhysicalCPU="24"
	TotalVirtualMemory="4095"
	TotalPhysicalMemory="128514"
	LogicalProcessorsPerPhysical="1"
	ProcessorClockFrequency="5432.96"
	>
	<Testing>
		<StartDateTime>Jan 18 14:24 CST</StartDateTime>
		<StartTestTime>1737181469</StartTestTime>
		<TestList/>
		<EndDateTime>Jan 18 14:24 CST</EndDateTime>
		<EndTestTime>1737181469</EndTestTime>
		<ElapsedMinutes>0</ElapsedMinutes>
	</Testing>
</Site>
